<?xml version="1.0" encoding="UTF-8"?>
<!-- Generated by org.testng.reporters.JUnitReportReporter -->
<testsuite skipped="0" hostname="LAPTOP-7KM2DO06" name="seleniumwork.MySeleniumTesting" tests="1" failures="0" timestamp="27 Jan 2019 14:18:08 GMT" time="83.054" errors="0">
  <testcase name="addingBankAccountTest" time="83.054" classname="seleniumwork.MySeleniumTesting"/>
</testsuite> <!-- seleniumwork.MySeleniumTesting -->
