<?xml version="1.0" encoding="UTF-8"?>
<!-- Generated by org.testng.reporters.JUnitReportReporter -->
<testsuite skipped="0" hostname="LAPTOP-7KM2DO06" name="seleniumwork.MySeleniumTesting" tests="1" failures="0" timestamp="25 Jan 2019 12:02:45 GMT" time="9.903" errors="0">
  <testcase name="setup" time="9.903" classname="seleniumwork.MySeleniumTesting"/>
</testsuite> <!-- seleniumwork.MySeleniumTesting -->
